<?xml version="1.0" encoding="UTF-8"?>
<!-- Generated by org.testng.reporters.JUnitReportReporter -->
<testsuite hostname="Nirali" failures="0" tests="1" name="com.Automation.testcases.LoginToApplication" time="6.160" errors="0" timestamp="2024-03-13T12:48:19 PDT" skipped="0">
  <testcase classname="com.Automation.testcases.LoginToApplication" name="loginApp" time="6.160"/>
  <system-out/>
</testsuite> <!-- com.Automation.testcases.LoginToApplication -->
