<?xml version="1.0" encoding="UTF-8"?>
<!-- Generated by org.testng.reporters.JUnitReportReporter -->
<testsuite hostname="Nirali" failures="0" tests="2" name="com.Automation.testcases.RegisterNewUser" time="18.296" errors="0" timestamp="2024-03-03T08:17:56 PST" skipped="0">
  <testcase classname="com.Automation.testcases.RegisterNewUser" name="createNewUser" time="9.189"/>
  <system-out/>
  <testcase classname="com.Automation.testcases.RegisterNewUser" name="createNewUser" time="9.107"/>
  <system-out/>
</testsuite> <!-- com.Automation.testcases.RegisterNewUser -->
