<?xml version="1.0" encoding="UTF-8"?>
<!-- Generated by org.testng.reporters.JUnitReportReporter -->
<testsuite hostname="Nirali" failures="0" tests="1" name="com.Automation.testcases.LoginToApplication" time="5.831" errors="0" timestamp="2024-03-13T16:37:47 PDT" skipped="0">
  <testcase classname="com.Automation.testcases.LoginToApplication" name="loginApp" time="5.831"/>
  <system-out/>
</testsuite> <!-- com.Automation.testcases.LoginToApplication -->
